> bench: embedders:heap/query/wasm32_query_read_fwd_1g_step_4k_checkpoint 209 ms/iter
> bench: embedders:heap/query/wasm64_query_read_fwd_1g_step_4k_checkpoint 207 ms/iter
> bench: embedders:heap/query/wasm32_query_read_fwd_1g_step_4k_page_delta 235 ms/iter
> bench: embedders:heap/query/wasm64_query_read_fwd_1g_step_4k_page_delta 235 ms/iter
> bench: embedders:heap/query/wasm32_query_read_fwd_1g_step_4k_mix 670 ms/iter
> bench: embedders:heap/query/wasm64_query_read_fwd_1g_step_4k_mix 679 ms/iter
> bench: embedders:heap/query/wasm32_query_read_fwd_1g_step_4k_new_allocation 6 ms/iter
> bench: embedders:heap/query/wasm64_query_read_fwd_1g_step_4k_new_allocation 6 ms/iter
> bench: embedders:heap/query/wasm32_query_read_fwd_1g_step_8k_checkpoint 188 ms/iter
> bench: embedders:heap/query/wasm64_query_read_fwd_1g_step_8k_checkpoint 186 ms/iter
> bench: embedders:heap/query/wasm32_query_read_fwd_1g_step_8k_page_delta 1873 ms/iter
> bench: embedders:heap/query/wasm64_query_read_fwd_1g_step_8k_page_delta 1871 ms/iter
> bench: embedders:heap/query/wasm32_query_read_fwd_1g_step_8k_mix 2167 ms/iter
> bench: embedders:heap/query/wasm64_query_read_fwd_1g_step_8k_mix 2112 ms/iter
> bench: embedders:heap/query/wasm32_query_read_fwd_1g_step_8k_new_allocation 5 ms/iter
> bench: embedders:heap/query/wasm64_query_read_fwd_1g_step_8k_new_allocation 5 ms/iter
> bench: embedders:heap/query/wasm32_query_read_fwd_1g_step_64k_checkpoint 171 ms/iter
> bench: embedders:heap/query/wasm64_query_read_fwd_1g_step_64k_checkpoint 170 ms/iter
> bench: embedders:heap/query/wasm32_query_read_fwd_1g_step_64k_page_delta 238 ms/iter
> bench: embedders:heap/query/wasm64_query_read_fwd_1g_step_64k_page_delta 237 ms/iter
> bench: embedders:heap/query/wasm32_query_read_fwd_1g_step_64k_mix 274 ms/iter
> bench: embedders:heap/query/wasm64_query_read_fwd_1g_step_64k_mix 259 ms/iter
> bench: embedders:heap/query/wasm32_query_read_fwd_1g_step_64k_new_allocation 5 ms/iter
> bench: embedders:heap/query/wasm64_query_read_fwd_1g_step_64k_new_allocation 5 ms/iter
> bench: embedders:heap/query/wasm32_query_read_fwd_1g_step_128k_checkpoint 86 ms/iter
> bench: embedders:heap/query/wasm64_query_read_fwd_1g_step_128k_checkpoint 88 ms/iter
> bench: embedders:heap/query/wasm32_query_read_fwd_1g_step_128k_page_delta 124 ms/iter
> bench: embedders:heap/query/wasm64_query_read_fwd_1g_step_128k_page_delta 123 ms/iter
> bench: embedders:heap/query/wasm32_query_read_fwd_1g_step_128k_mix 138 ms/iter
> bench: embedders:heap/query/wasm64_query_read_fwd_1g_step_128k_mix 135 ms/iter
> bench: embedders:heap/query/wasm32_query_read_fwd_1g_step_128k_new_allocation 5 ms/iter
> bench: embedders:heap/query/wasm64_query_read_fwd_1g_step_128k_new_allocation 5 ms/iter
> bench: embedders:heap/query/wasm32_query_read_fwd_1g_step_2m_checkpoint 9 ms/iter
> bench: embedders:heap/query/wasm64_query_read_fwd_1g_step_2m_checkpoint 9 ms/iter
> bench: embedders:heap/query/wasm32_query_read_fwd_1g_step_2m_page_delta 9 ms/iter
> bench: embedders:heap/query/wasm64_query_read_fwd_1g_step_2m_page_delta 9 ms/iter
> bench: embedders:heap/query/wasm32_query_read_fwd_1g_step_2m_mix 9 ms/iter
> bench: embedders:heap/query/wasm64_query_read_fwd_1g_step_2m_mix 8 ms/iter
> bench: embedders:heap/query/wasm32_query_read_fwd_1g_step_2m_new_allocation 4 ms/iter
> bench: embedders:heap/query/wasm64_query_read_fwd_1g_step_2m_new_allocation 4 ms/iter
> bench: embedders:heap/query/wasm32_query_read_fwd_1g_step_4m_checkpoint 5 ms/iter
> bench: embedders:heap/query/wasm64_query_read_fwd_1g_step_4m_checkpoint 5 ms/iter
> bench: embedders:heap/query/wasm32_query_read_fwd_1g_step_4m_page_delta 4 ms/iter
> bench: embedders:heap/query/wasm64_query_read_fwd_1g_step_4m_page_delta 4 ms/iter
> bench: embedders:heap/query/wasm32_query_read_fwd_1g_step_4m_mix 4 ms/iter
> bench: embedders:heap/query/wasm64_query_read_fwd_1g_step_4m_mix 4 ms/iter
> bench: embedders:heap/query/wasm32_query_read_fwd_1g_step_4m_new_allocation 2 ms/iter
> bench: embedders:heap/query/wasm64_query_read_fwd_1g_step_4m_new_allocation 2 ms/iter
> bench: embedders:heap/query/wasm32_query_read_bwd_1g_step_4k_checkpoint 192 ms/iter
> bench: embedders:heap/query/wasm64_query_read_bwd_1g_step_4k_checkpoint 196 ms/iter
> bench: embedders:heap/query/wasm32_query_read_bwd_1g_step_4k_page_delta 234 ms/iter
> bench: embedders:heap/query/wasm64_query_read_bwd_1g_step_4k_page_delta 238 ms/iter
> bench: embedders:heap/query/wasm32_query_read_bwd_1g_step_4k_mix 669 ms/iter
> bench: embedders:heap/query/wasm64_query_read_bwd_1g_step_4k_mix 644 ms/iter
> bench: embedders:heap/query/wasm32_query_read_bwd_1g_step_4k_new_allocation 6 ms/iter
> bench: embedders:heap/query/wasm64_query_read_bwd_1g_step_4k_new_allocation 6 ms/iter
> bench: embedders:heap/query/wasm32_query_read_bwd_1g_step_8k_checkpoint 161 ms/iter
> bench: embedders:heap/query/wasm64_query_read_bwd_1g_step_8k_checkpoint 172 ms/iter
> bench: embedders:heap/query/wasm32_query_read_bwd_1g_step_8k_page_delta 233 ms/iter
> bench: embedders:heap/query/wasm64_query_read_bwd_1g_step_8k_page_delta 236 ms/iter
> bench: embedders:heap/query/wasm32_query_read_bwd_1g_step_8k_mix 557 ms/iter
> bench: embedders:heap/query/wasm64_query_read_bwd_1g_step_8k_mix 561 ms/iter
> bench: embedders:heap/query/wasm32_query_read_bwd_1g_step_8k_new_allocation 5 ms/iter
> bench: embedders:heap/query/wasm64_query_read_bwd_1g_step_8k_new_allocation 5 ms/iter
> bench: embedders:heap/query/wasm32_query_read_bwd_1g_step_64k_checkpoint 167 ms/iter
> bench: embedders:heap/query/wasm64_query_read_bwd_1g_step_64k_checkpoint 171 ms/iter
> bench: embedders:heap/query/wasm32_query_read_bwd_1g_step_64k_page_delta 329 ms/iter
> bench: embedders:heap/query/wasm64_query_read_bwd_1g_step_64k_page_delta 327 ms/iter
> bench: embedders:heap/query/wasm32_query_read_bwd_1g_step_64k_mix 361 ms/iter
> bench: embedders:heap/query/wasm64_query_read_bwd_1g_step_64k_mix 364 ms/iter
> bench: embedders:heap/query/wasm32_query_read_bwd_1g_step_64k_new_allocation 5 ms/iter
> bench: embedders:heap/query/wasm64_query_read_bwd_1g_step_64k_new_allocation 5 ms/iter
> bench: embedders:heap/query/wasm32_query_read_bwd_1g_step_128k_checkpoint 71 ms/iter
> bench: embedders:heap/query/wasm64_query_read_bwd_1g_step_128k_checkpoint 80 ms/iter
> bench: embedders:heap/query/wasm32_query_read_bwd_1g_step_128k_page_delta 173 ms/iter
> bench: embedders:heap/query/wasm64_query_read_bwd_1g_step_128k_page_delta 169 ms/iter
> bench: embedders:heap/query/wasm32_query_read_bwd_1g_step_128k_mix 189 ms/iter
> bench: embedders:heap/query/wasm64_query_read_bwd_1g_step_128k_mix 190 ms/iter
> bench: embedders:heap/query/wasm32_query_read_bwd_1g_step_128k_new_allocation 5 ms/iter
> bench: embedders:heap/query/wasm64_query_read_bwd_1g_step_128k_new_allocation 5 ms/iter
> bench: embedders:heap/query/wasm32_query_read_bwd_1g_step_2m_checkpoint 9 ms/iter
> bench: embedders:heap/query/wasm64_query_read_bwd_1g_step_2m_checkpoint 9 ms/iter
> bench: embedders:heap/query/wasm32_query_read_bwd_1g_step_2m_page_delta 11 ms/iter
> bench: embedders:heap/query/wasm64_query_read_bwd_1g_step_2m_page_delta 11 ms/iter
> bench: embedders:heap/query/wasm32_query_read_bwd_1g_step_2m_mix 12 ms/iter
> bench: embedders:heap/query/wasm64_query_read_bwd_1g_step_2m_mix 12 ms/iter
> bench: embedders:heap/query/wasm32_query_read_bwd_1g_step_2m_new_allocation 4 ms/iter
> bench: embedders:heap/query/wasm64_query_read_bwd_1g_step_2m_new_allocation 4 ms/iter
> bench: embedders:heap/query/wasm32_query_read_bwd_1g_step_4m_checkpoint 5 ms/iter
> bench: embedders:heap/query/wasm64_query_read_bwd_1g_step_4m_checkpoint 5 ms/iter
> bench: embedders:heap/query/wasm32_query_read_bwd_1g_step_4m_page_delta 5 ms/iter
> bench: embedders:heap/query/wasm64_query_read_bwd_1g_step_4m_page_delta 5 ms/iter
> bench: embedders:heap/query/wasm32_query_read_bwd_1g_step_4m_mix 5 ms/iter
> bench: embedders:heap/query/wasm64_query_read_bwd_1g_step_4m_mix 5 ms/iter
> bench: embedders:heap/query/wasm32_query_read_bwd_1g_step_4m_new_allocation 4 ms/iter
> bench: embedders:heap/query/wasm64_query_read_bwd_1g_step_4m_new_allocation 4 ms/iter
> bench: embedders:heap/update/wasm32_update_read_fwd_1g_step_4k_checkpoint 115 ms/iter
> bench: embedders:heap/update/wasm64_update_read_fwd_1g_step_4k_checkpoint 103 ms/iter
> bench: embedders:heap/update/wasm32_update_read_fwd_1g_step_4k_page_delta 234 ms/iter
> bench: embedders:heap/update/wasm64_update_read_fwd_1g_step_4k_page_delta 233 ms/iter
> bench: embedders:heap/update/wasm32_update_read_fwd_1g_step_4k_mix 609 ms/iter
> bench: embedders:heap/update/wasm64_update_read_fwd_1g_step_4k_mix 605 ms/iter
> bench: embedders:heap/update/wasm32_update_read_fwd_1g_step_4k_new_allocation 6 ms/iter
> bench: embedders:heap/update/wasm64_update_read_fwd_1g_step_4k_new_allocation 6 ms/iter
> bench: embedders:heap/update/wasm32_update_read_fwd_1g_step_8k_checkpoint 90 ms/iter
> bench: embedders:heap/update/wasm64_update_read_fwd_1g_step_8k_checkpoint 96 ms/iter
> bench: embedders:heap/update/wasm32_update_read_fwd_1g_step_8k_page_delta 1349 ms/iter
> bench: embedders:heap/update/wasm64_update_read_fwd_1g_step_8k_page_delta 1350 ms/iter
> bench: embedders:heap/update/wasm32_update_read_fwd_1g_step_8k_mix 1542 ms/iter
> bench: embedders:heap/update/wasm64_update_read_fwd_1g_step_8k_mix 1542 ms/iter
> bench: embedders:heap/update/wasm32_update_read_fwd_1g_step_8k_new_allocation 5 ms/iter
> bench: embedders:heap/update/wasm64_update_read_fwd_1g_step_8k_new_allocation 5 ms/iter
> bench: embedders:heap/update/wasm32_update_read_fwd_1g_step_64k_checkpoint 76 ms/iter
> bench: embedders:heap/update/wasm64_update_read_fwd_1g_step_64k_checkpoint 77 ms/iter
> bench: embedders:heap/update/wasm32_update_read_fwd_1g_step_64k_page_delta 187 ms/iter
> bench: embedders:heap/update/wasm64_update_read_fwd_1g_step_64k_page_delta 188 ms/iter
> bench: embedders:heap/update/wasm32_update_read_fwd_1g_step_64k_mix 216 ms/iter
> bench: embedders:heap/update/wasm64_update_read_fwd_1g_step_64k_mix 215 ms/iter
> bench: embedders:heap/update/wasm32_update_read_fwd_1g_step_64k_new_allocation 5 ms/iter
> bench: embedders:heap/update/wasm64_update_read_fwd_1g_step_64k_new_allocation 5 ms/iter
> bench: embedders:heap/update/wasm32_update_read_fwd_1g_step_128k_checkpoint 43 ms/iter
> bench: embedders:heap/update/wasm64_update_read_fwd_1g_step_128k_checkpoint 44 ms/iter
> bench: embedders:heap/update/wasm32_update_read_fwd_1g_step_128k_page_delta 104 ms/iter
> bench: embedders:heap/update/wasm64_update_read_fwd_1g_step_128k_page_delta 103 ms/iter
> bench: embedders:heap/update/wasm32_update_read_fwd_1g_step_128k_mix 115 ms/iter
> bench: embedders:heap/update/wasm64_update_read_fwd_1g_step_128k_mix 115 ms/iter
> bench: embedders:heap/update/wasm32_update_read_fwd_1g_step_128k_new_allocation 5 ms/iter
> bench: embedders:heap/update/wasm64_update_read_fwd_1g_step_128k_new_allocation 5 ms/iter
> bench: embedders:heap/update/wasm32_update_read_fwd_1g_step_2m_checkpoint 7 ms/iter
> bench: embedders:heap/update/wasm64_update_read_fwd_1g_step_2m_checkpoint 7 ms/iter
> bench: embedders:heap/update/wasm32_update_read_fwd_1g_step_2m_page_delta 11 ms/iter
> bench: embedders:heap/update/wasm64_update_read_fwd_1g_step_2m_page_delta 10 ms/iter
> bench: embedders:heap/update/wasm32_update_read_fwd_1g_step_2m_mix 12 ms/iter
> bench: embedders:heap/update/wasm64_update_read_fwd_1g_step_2m_mix 13 ms/iter
> bench: embedders:heap/update/wasm32_update_read_fwd_1g_step_2m_new_allocation 4 ms/iter
> bench: embedders:heap/update/wasm64_update_read_fwd_1g_step_2m_new_allocation 4 ms/iter
> bench: embedders:heap/update/wasm32_update_read_fwd_1g_step_4m_checkpoint 4 ms/iter
> bench: embedders:heap/update/wasm64_update_read_fwd_1g_step_4m_checkpoint 4 ms/iter
> bench: embedders:heap/update/wasm32_update_read_fwd_1g_step_4m_page_delta 4 ms/iter
> bench: embedders:heap/update/wasm64_update_read_fwd_1g_step_4m_page_delta 6 ms/iter
> bench: embedders:heap/update/wasm32_update_read_fwd_1g_step_4m_mix 6 ms/iter
> bench: embedders:heap/update/wasm64_update_read_fwd_1g_step_4m_mix 5 ms/iter
> bench: embedders:heap/update/wasm32_update_read_fwd_1g_step_4m_new_allocation 2 ms/iter
> bench: embedders:heap/update/wasm64_update_read_fwd_1g_step_4m_new_allocation 2 ms/iter
> bench: embedders:heap/update/wasm32_update_read_bwd_1g_step_4k_checkpoint 119 ms/iter
> bench: embedders:heap/update/wasm64_update_read_bwd_1g_step_4k_checkpoint 106 ms/iter
> bench: embedders:heap/update/wasm32_update_read_bwd_1g_step_4k_page_delta 238 ms/iter
> bench: embedders:heap/update/wasm64_update_read_bwd_1g_step_4k_page_delta 234 ms/iter
> bench: embedders:heap/update/wasm32_update_read_bwd_1g_step_4k_mix 609 ms/iter
> bench: embedders:heap/update/wasm64_update_read_bwd_1g_step_4k_mix 610 ms/iter
> bench: embedders:heap/update/wasm32_update_read_bwd_1g_step_4k_new_allocation 6 ms/iter
> bench: embedders:heap/update/wasm64_update_read_bwd_1g_step_4k_new_allocation 5 ms/iter
> bench: embedders:heap/update/wasm32_update_read_bwd_1g_step_8k_checkpoint 94 ms/iter
> bench: embedders:heap/update/wasm64_update_read_bwd_1g_step_8k_checkpoint 101 ms/iter
> bench: embedders:heap/update/wasm32_update_read_bwd_1g_step_8k_page_delta 234 ms/iter
> bench: embedders:heap/update/wasm64_update_read_bwd_1g_step_8k_page_delta 239 ms/iter
> bench: embedders:heap/update/wasm32_update_read_bwd_1g_step_8k_mix 541 ms/iter
> bench: embedders:heap/update/wasm64_update_read_bwd_1g_step_8k_mix 541 ms/iter
> bench: embedders:heap/update/wasm32_update_read_bwd_1g_step_8k_new_allocation 5 ms/iter
> bench: embedders:heap/update/wasm64_update_read_bwd_1g_step_8k_new_allocation 5 ms/iter
> bench: embedders:heap/update/wasm32_update_read_bwd_1g_step_64k_checkpoint 82 ms/iter
> bench: embedders:heap/update/wasm64_update_read_bwd_1g_step_64k_checkpoint 84 ms/iter
> bench: embedders:heap/update/wasm32_update_read_bwd_1g_step_64k_page_delta 293 ms/iter
> bench: embedders:heap/update/wasm64_update_read_bwd_1g_step_64k_page_delta 298 ms/iter
> bench: embedders:heap/update/wasm32_update_read_bwd_1g_step_64k_mix 324 ms/iter
> bench: embedders:heap/update/wasm64_update_read_bwd_1g_step_64k_mix 323 ms/iter
> bench: embedders:heap/update/wasm32_update_read_bwd_1g_step_64k_new_allocation 5 ms/iter
> bench: embedders:heap/update/wasm64_update_read_bwd_1g_step_64k_new_allocation 5 ms/iter
> bench: embedders:heap/update/wasm32_update_read_bwd_1g_step_128k_checkpoint 43 ms/iter
> bench: embedders:heap/update/wasm64_update_read_bwd_1g_step_128k_checkpoint 43 ms/iter
> bench: embedders:heap/update/wasm32_update_read_bwd_1g_step_128k_page_delta 154 ms/iter
> bench: embedders:heap/update/wasm64_update_read_bwd_1g_step_128k_page_delta 152 ms/iter
> bench: embedders:heap/update/wasm32_update_read_bwd_1g_step_128k_mix 171 ms/iter
> bench: embedders:heap/update/wasm64_update_read_bwd_1g_step_128k_mix 169 ms/iter
> bench: embedders:heap/update/wasm32_update_read_bwd_1g_step_128k_new_allocation 5 ms/iter
> bench: embedders:heap/update/wasm64_update_read_bwd_1g_step_128k_new_allocation 5 ms/iter
> bench: embedders:heap/update/wasm32_update_read_bwd_1g_step_2m_checkpoint 7 ms/iter
> bench: embedders:heap/update/wasm64_update_read_bwd_1g_step_2m_checkpoint 7 ms/iter
> bench: embedders:heap/update/wasm32_update_read_bwd_1g_step_2m_page_delta 12 ms/iter
> bench: embedders:heap/update/wasm64_update_read_bwd_1g_step_2m_page_delta 16 ms/iter
> bench: embedders:heap/update/wasm32_update_read_bwd_1g_step_2m_mix 16 ms/iter
> bench: embedders:heap/update/wasm64_update_read_bwd_1g_step_2m_mix 15 ms/iter
> bench: embedders:heap/update/wasm32_update_read_bwd_1g_step_2m_new_allocation 4 ms/iter
> bench: embedders:heap/update/wasm64_update_read_bwd_1g_step_2m_new_allocation 4 ms/iter
> bench: embedders:heap/update/wasm32_update_read_bwd_1g_step_4m_checkpoint 5 ms/iter
> bench: embedders:heap/update/wasm64_update_read_bwd_1g_step_4m_checkpoint 5 ms/iter
> bench: embedders:heap/update/wasm32_update_read_bwd_1g_step_4m_page_delta 7 ms/iter
> bench: embedders:heap/update/wasm64_update_read_bwd_1g_step_4m_page_delta 9 ms/iter
> bench: embedders:heap/update/wasm32_update_read_bwd_1g_step_4m_mix 11 ms/iter
> bench: embedders:heap/update/wasm64_update_read_bwd_1g_step_4m_mix 7 ms/iter
> bench: embedders:heap/update/wasm32_update_read_bwd_1g_step_4m_new_allocation 3 ms/iter
> bench: embedders:heap/update/wasm64_update_read_bwd_1g_step_4m_new_allocation 3 ms/iter
> bench: embedders:heap/query/wasm32_query_write_fwd_1g_step_4k_checkpoint 911 ms/iter
> bench: embedders:heap/query/wasm64_query_write_fwd_1g_step_4k_checkpoint 890 ms/iter
> bench: embedders:heap/query/wasm32_query_write_fwd_1g_step_4k_page_delta 238 ms/iter
> bench: embedders:heap/query/wasm64_query_write_fwd_1g_step_4k_page_delta 233 ms/iter
> bench: embedders:heap/query/wasm32_query_write_fwd_1g_step_4k_mix 1055 ms/iter
> bench: embedders:heap/query/wasm64_query_write_fwd_1g_step_4k_mix 1005 ms/iter
> bench: embedders:heap/query/wasm32_query_write_fwd_1g_step_4k_new_allocation 154 ms/iter
> bench: embedders:heap/query/wasm64_query_write_fwd_1g_step_4k_new_allocation 153 ms/iter
> bench: embedders:heap/query/wasm32_query_write_fwd_1g_step_8k_checkpoint 456 ms/iter
> bench: embedders:heap/query/wasm64_query_write_fwd_1g_step_8k_checkpoint 459 ms/iter
> bench: embedders:heap/query/wasm32_query_write_fwd_1g_step_8k_page_delta 2373 ms/iter
> bench: embedders:heap/query/wasm64_query_write_fwd_1g_step_8k_page_delta 2380 ms/iter
> bench: embedders:heap/query/wasm32_query_write_fwd_1g_step_8k_mix 2687 ms/iter
> bench: embedders:heap/query/wasm64_query_write_fwd_1g_step_8k_mix 2773 ms/iter
> bench: embedders:heap/query/wasm32_query_write_fwd_1g_step_8k_new_allocation 152 ms/iter
> bench: embedders:heap/query/wasm64_query_write_fwd_1g_step_8k_new_allocation 153 ms/iter
> bench: embedders:heap/query/wasm32_query_write_fwd_1g_step_64k_checkpoint 66 ms/iter
> bench: embedders:heap/query/wasm64_query_write_fwd_1g_step_64k_checkpoint 65 ms/iter
> bench: embedders:heap/query/wasm32_query_write_fwd_1g_step_64k_page_delta 308 ms/iter
> bench: embedders:heap/query/wasm64_query_write_fwd_1g_step_64k_page_delta 308 ms/iter
> bench: embedders:heap/query/wasm32_query_write_fwd_1g_step_64k_mix 338 ms/iter
> bench: embedders:heap/query/wasm64_query_write_fwd_1g_step_64k_mix 333 ms/iter
> bench: embedders:heap/query/wasm32_query_write_fwd_1g_step_64k_new_allocation 152 ms/iter
> bench: embedders:heap/query/wasm64_query_write_fwd_1g_step_64k_new_allocation 152 ms/iter
> bench: embedders:heap/query/wasm32_query_write_fwd_1g_step_128k_checkpoint 35 ms/iter
> bench: embedders:heap/query/wasm64_query_write_fwd_1g_step_128k_checkpoint 37 ms/iter
> bench: embedders:heap/query/wasm32_query_write_fwd_1g_step_128k_page_delta 162 ms/iter
> bench: embedders:heap/query/wasm64_query_write_fwd_1g_step_128k_page_delta 159 ms/iter
> bench: embedders:heap/query/wasm32_query_write_fwd_1g_step_128k_mix 179 ms/iter
> bench: embedders:heap/query/wasm64_query_write_fwd_1g_step_128k_mix 178 ms/iter
> bench: embedders:heap/query/wasm32_query_write_fwd_1g_step_128k_new_allocation 151 ms/iter
> bench: embedders:heap/query/wasm64_query_write_fwd_1g_step_128k_new_allocation 150 ms/iter
> bench: embedders:heap/query/wasm32_query_write_fwd_1g_step_2m_checkpoint 6 ms/iter
> bench: embedders:heap/query/wasm64_query_write_fwd_1g_step_2m_checkpoint 6 ms/iter
> bench: embedders:heap/query/wasm32_query_write_fwd_1g_step_2m_page_delta 10 ms/iter
> bench: embedders:heap/query/wasm64_query_write_fwd_1g_step_2m_page_delta 11 ms/iter
> bench: embedders:heap/query/wasm32_query_write_fwd_1g_step_2m_mix 11 ms/iter
> bench: embedders:heap/query/wasm64_query_write_fwd_1g_step_2m_mix 11 ms/iter
> bench: embedders:heap/query/wasm32_query_write_fwd_1g_step_2m_new_allocation 150 ms/iter
> bench: embedders:heap/query/wasm64_query_write_fwd_1g_step_2m_new_allocation 149 ms/iter
> bench: embedders:heap/query/wasm32_query_write_fwd_1g_step_4m_checkpoint 3 ms/iter
> bench: embedders:heap/query/wasm64_query_write_fwd_1g_step_4m_checkpoint 3 ms/iter
> bench: embedders:heap/query/wasm32_query_write_fwd_1g_step_4m_page_delta 4 ms/iter
> bench: embedders:heap/query/wasm64_query_write_fwd_1g_step_4m_page_delta 4 ms/iter
> bench: embedders:heap/query/wasm32_query_write_fwd_1g_step_4m_mix 5 ms/iter
> bench: embedders:heap/query/wasm64_query_write_fwd_1g_step_4m_mix 5 ms/iter
> bench: embedders:heap/query/wasm32_query_write_fwd_1g_step_4m_new_allocation 77 ms/iter
> bench: embedders:heap/query/wasm64_query_write_fwd_1g_step_4m_new_allocation 75 ms/iter
> bench: embedders:heap/query/wasm32_query_write_bwd_1g_step_4k_checkpoint 912 ms/iter
> bench: embedders:heap/query/wasm64_query_write_bwd_1g_step_4k_checkpoint 919 ms/iter
> bench: embedders:heap/query/wasm32_query_write_bwd_1g_step_4k_page_delta 239 ms/iter
> bench: embedders:heap/query/wasm64_query_write_bwd_1g_step_4k_page_delta 238 ms/iter
> bench: embedders:heap/query/wasm32_query_write_bwd_1g_step_4k_mix 1021 ms/iter
> bench: embedders:heap/query/wasm64_query_write_bwd_1g_step_4k_mix 1013 ms/iter
> bench: embedders:heap/query/wasm32_query_write_bwd_1g_step_4k_new_allocation 155 ms/iter
> bench: embedders:heap/query/wasm64_query_write_bwd_1g_step_4k_new_allocation 151 ms/iter
> bench: embedders:heap/query/wasm32_query_write_bwd_1g_step_8k_checkpoint 474 ms/iter
> bench: embedders:heap/query/wasm64_query_write_bwd_1g_step_8k_checkpoint 480 ms/iter
> bench: embedders:heap/query/wasm32_query_write_bwd_1g_step_8k_page_delta 233 ms/iter
> bench: embedders:heap/query/wasm64_query_write_bwd_1g_step_8k_page_delta 237 ms/iter
> bench: embedders:heap/query/wasm32_query_write_bwd_1g_step_8k_mix 571 ms/iter
> bench: embedders:heap/query/wasm64_query_write_bwd_1g_step_8k_mix 561 ms/iter
> bench: embedders:heap/query/wasm32_query_write_bwd_1g_step_8k_new_allocation 150 ms/iter
> bench: embedders:heap/query/wasm64_query_write_bwd_1g_step_8k_new_allocation 150 ms/iter
> bench: embedders:heap/query/wasm32_query_write_bwd_1g_step_64k_checkpoint 67 ms/iter
> bench: embedders:heap/query/wasm64_query_write_bwd_1g_step_64k_checkpoint 67 ms/iter
> bench: embedders:heap/query/wasm32_query_write_bwd_1g_step_64k_page_delta 333 ms/iter
> bench: embedders:heap/query/wasm64_query_write_bwd_1g_step_64k_page_delta 337 ms/iter
> bench: embedders:heap/query/wasm32_query_write_bwd_1g_step_64k_mix 366 ms/iter
> bench: embedders:heap/query/wasm64_query_write_bwd_1g_step_64k_mix 358 ms/iter
> bench: embedders:heap/query/wasm32_query_write_bwd_1g_step_64k_new_allocation 150 ms/iter
> bench: embedders:heap/query/wasm64_query_write_bwd_1g_step_64k_new_allocation 150 ms/iter
> bench: embedders:heap/query/wasm32_query_write_bwd_1g_step_128k_checkpoint 37 ms/iter
> bench: embedders:heap/query/wasm64_query_write_bwd_1g_step_128k_checkpoint 37 ms/iter
> bench: embedders:heap/query/wasm32_query_write_bwd_1g_step_128k_page_delta 165 ms/iter
> bench: embedders:heap/query/wasm64_query_write_bwd_1g_step_128k_page_delta 173 ms/iter
> bench: embedders:heap/query/wasm32_query_write_bwd_1g_step_128k_mix 186 ms/iter
> bench: embedders:heap/query/wasm64_query_write_bwd_1g_step_128k_mix 185 ms/iter
> bench: embedders:heap/query/wasm32_query_write_bwd_1g_step_128k_new_allocation 149 ms/iter
> bench: embedders:heap/query/wasm64_query_write_bwd_1g_step_128k_new_allocation 150 ms/iter
> bench: embedders:heap/query/wasm32_query_write_bwd_1g_step_2m_checkpoint 6 ms/iter
> bench: embedders:heap/query/wasm64_query_write_bwd_1g_step_2m_checkpoint 6 ms/iter
> bench: embedders:heap/query/wasm32_query_write_bwd_1g_step_2m_page_delta 11 ms/iter
> bench: embedders:heap/query/wasm64_query_write_bwd_1g_step_2m_page_delta 11 ms/iter
> bench: embedders:heap/query/wasm32_query_write_bwd_1g_step_2m_mix 11 ms/iter
> bench: embedders:heap/query/wasm64_query_write_bwd_1g_step_2m_mix 12 ms/iter
> bench: embedders:heap/query/wasm32_query_write_bwd_1g_step_2m_new_allocation 149 ms/iter
> bench: embedders:heap/query/wasm64_query_write_bwd_1g_step_2m_new_allocation 148 ms/iter
> bench: embedders:heap/query/wasm32_query_write_bwd_1g_step_4m_checkpoint 5 ms/iter
> bench: embedders:heap/query/wasm64_query_write_bwd_1g_step_4m_checkpoint 5 ms/iter
> bench: embedders:heap/query/wasm32_query_write_bwd_1g_step_4m_page_delta 4 ms/iter
> bench: embedders:heap/query/wasm64_query_write_bwd_1g_step_4m_page_delta 5 ms/iter
> bench: embedders:heap/query/wasm32_query_write_bwd_1g_step_4m_mix 5 ms/iter
> bench: embedders:heap/query/wasm64_query_write_bwd_1g_step_4m_mix 5 ms/iter
> bench: embedders:heap/query/wasm32_query_write_bwd_1g_step_4m_new_allocation 77 ms/iter
> bench: embedders:heap/query/wasm64_query_write_bwd_1g_step_4m_new_allocation 79 ms/iter
> bench: embedders:heap/update/wasm32_update_write_fwd_1g_step_4k_checkpoint 2197 ms/iter
> bench: embedders:heap/update/wasm64_update_write_fwd_1g_step_4k_checkpoint 2172 ms/iter
> bench: embedders:heap/update/wasm32_update_write_fwd_1g_step_4k_page_delta 1777 ms/iter
> bench: embedders:heap/update/wasm64_update_write_fwd_1g_step_4k_page_delta 1747 ms/iter
> bench: embedders:heap/update/wasm32_update_write_fwd_1g_step_4k_mix 2453 ms/iter
> bench: embedders:heap/update/wasm64_update_write_fwd_1g_step_4k_mix 2430 ms/iter
> bench: embedders:heap/update/wasm32_update_write_fwd_1g_step_4k_new_allocation 1446 ms/iter
> bench: embedders:heap/update/wasm64_update_write_fwd_1g_step_4k_new_allocation 1433 ms/iter
> bench: embedders:heap/update/wasm32_update_write_fwd_1g_step_8k_checkpoint 2740 ms/iter
> bench: embedders:heap/update/wasm64_update_write_fwd_1g_step_8k_checkpoint 2760 ms/iter
> bench: embedders:heap/update/wasm32_update_write_fwd_1g_step_8k_page_delta 2626 ms/iter
> bench: embedders:heap/update/wasm64_update_write_fwd_1g_step_8k_page_delta 2649 ms/iter
> bench: embedders:heap/update/wasm32_update_write_fwd_1g_step_8k_mix 4103 ms/iter
> bench: embedders:heap/update/wasm64_update_write_fwd_1g_step_8k_mix 4115 ms/iter
> bench: embedders:heap/update/wasm32_update_write_fwd_1g_step_8k_new_allocation 2374 ms/iter
> bench: embedders:heap/update/wasm64_update_write_fwd_1g_step_8k_new_allocation 2358 ms/iter
> bench: embedders:heap/update/wasm32_update_write_fwd_1g_step_64k_checkpoint 452 ms/iter
> bench: embedders:heap/update/wasm64_update_write_fwd_1g_step_64k_checkpoint 464 ms/iter
> bench: embedders:heap/update/wasm32_update_write_fwd_1g_step_64k_page_delta 417 ms/iter
> bench: embedders:heap/update/wasm64_update_write_fwd_1g_step_64k_page_delta 418 ms/iter
> bench: embedders:heap/update/wasm32_update_write_fwd_1g_step_64k_mix 445 ms/iter
> bench: embedders:heap/update/wasm64_update_write_fwd_1g_step_64k_mix 445 ms/iter
> bench: embedders:heap/update/wasm32_update_write_fwd_1g_step_64k_new_allocation 306 ms/iter
> bench: embedders:heap/update/wasm64_update_write_fwd_1g_step_64k_new_allocation 302 ms/iter
> bench: embedders:heap/update/wasm32_update_write_fwd_1g_step_128k_checkpoint 253 ms/iter
> bench: embedders:heap/update/wasm64_update_write_fwd_1g_step_128k_checkpoint 254 ms/iter
> bench: embedders:heap/update/wasm32_update_write_fwd_1g_step_128k_page_delta 240 ms/iter
> bench: embedders:heap/update/wasm64_update_write_fwd_1g_step_128k_page_delta 243 ms/iter
> bench: embedders:heap/update/wasm32_update_write_fwd_1g_step_128k_mix 250 ms/iter
> bench: embedders:heap/update/wasm64_update_write_fwd_1g_step_128k_mix 254 ms/iter
> bench: embedders:heap/update/wasm32_update_write_fwd_1g_step_128k_new_allocation 178 ms/iter
> bench: embedders:heap/update/wasm64_update_write_fwd_1g_step_128k_new_allocation 177 ms/iter
> bench: embedders:heap/update/wasm32_update_write_fwd_1g_step_2m_checkpoint 18 ms/iter
> bench: embedders:heap/update/wasm64_update_write_fwd_1g_step_2m_checkpoint 19 ms/iter
> bench: embedders:heap/update/wasm32_update_write_fwd_1g_step_2m_page_delta 22 ms/iter
> bench: embedders:heap/update/wasm64_update_write_fwd_1g_step_2m_page_delta 25 ms/iter
> bench: embedders:heap/update/wasm32_update_write_fwd_1g_step_2m_mix 25 ms/iter
> bench: embedders:heap/update/wasm64_update_write_fwd_1g_step_2m_mix 23 ms/iter
> bench: embedders:heap/update/wasm32_update_write_fwd_1g_step_2m_new_allocation 11 ms/iter
> bench: embedders:heap/update/wasm64_update_write_fwd_1g_step_2m_new_allocation 11 ms/iter
> bench: embedders:heap/update/wasm32_update_write_fwd_1g_step_4m_checkpoint 9 ms/iter
> bench: embedders:heap/update/wasm64_update_write_fwd_1g_step_4m_checkpoint 9 ms/iter
> bench: embedders:heap/update/wasm32_update_write_fwd_1g_step_4m_page_delta 17 ms/iter
> bench: embedders:heap/update/wasm64_update_write_fwd_1g_step_4m_page_delta 13 ms/iter
> bench: embedders:heap/update/wasm32_update_write_fwd_1g_step_4m_mix 14 ms/iter
> bench: embedders:heap/update/wasm64_update_write_fwd_1g_step_4m_mix 17 ms/iter
> bench: embedders:heap/update/wasm32_update_write_fwd_1g_step_4m_new_allocation 6 ms/iter
> bench: embedders:heap/update/wasm64_update_write_fwd_1g_step_4m_new_allocation 6 ms/iter
> bench: embedders:heap/update/wasm32_update_write_bwd_1g_step_4k_checkpoint 2353 ms/iter
> bench: embedders:heap/update/wasm64_update_write_bwd_1g_step_4k_checkpoint 2353 ms/iter
> bench: embedders:heap/update/wasm32_update_write_bwd_1g_step_4k_page_delta 1795 ms/iter
> bench: embedders:heap/update/wasm64_update_write_bwd_1g_step_4k_page_delta 1837 ms/iter
> bench: embedders:heap/update/wasm32_update_write_bwd_1g_step_4k_mix 2716 ms/iter
> bench: embedders:heap/update/wasm64_update_write_bwd_1g_step_4k_mix 2598 ms/iter
> bench: embedders:heap/update/wasm32_update_write_bwd_1g_step_4k_new_allocation 1538 ms/iter
> bench: embedders:heap/update/wasm64_update_write_bwd_1g_step_4k_new_allocation 1576 ms/iter
> bench: embedders:heap/update/wasm32_update_write_bwd_1g_step_8k_checkpoint 2833 ms/iter
> bench: embedders:heap/update/wasm64_update_write_bwd_1g_step_8k_checkpoint 2840 ms/iter
> bench: embedders:heap/update/wasm32_update_write_bwd_1g_step_8k_page_delta 2891 ms/iter
> bench: embedders:heap/update/wasm64_update_write_bwd_1g_step_8k_page_delta 2896 ms/iter
> bench: embedders:heap/update/wasm32_update_write_bwd_1g_step_8k_mix 4098 ms/iter
> bench: embedders:heap/update/wasm64_update_write_bwd_1g_step_8k_mix 4080 ms/iter
> bench: embedders:heap/update/wasm32_update_write_bwd_1g_step_8k_new_allocation 2454 ms/iter
> bench: embedders:heap/update/wasm64_update_write_bwd_1g_step_8k_new_allocation 2442 ms/iter
> bench: embedders:heap/update/wasm32_update_write_bwd_1g_step_64k_checkpoint 473 ms/iter
> bench: embedders:heap/update/wasm64_update_write_bwd_1g_step_64k_checkpoint 470 ms/iter
> bench: embedders:heap/update/wasm32_update_write_bwd_1g_step_64k_page_delta 452 ms/iter
> bench: embedders:heap/update/wasm64_update_write_bwd_1g_step_64k_page_delta 444 ms/iter
> bench: embedders:heap/update/wasm32_update_write_bwd_1g_step_64k_mix 472 ms/iter
> bench: embedders:heap/update/wasm64_update_write_bwd_1g_step_64k_mix 471 ms/iter
> bench: embedders:heap/update/wasm32_update_write_bwd_1g_step_64k_new_allocation 321 ms/iter
> bench: embedders:heap/update/wasm64_update_write_bwd_1g_step_64k_new_allocation 318 ms/iter
> bench: embedders:heap/update/wasm32_update_write_bwd_1g_step_128k_checkpoint 262 ms/iter
> bench: embedders:heap/update/wasm64_update_write_bwd_1g_step_128k_checkpoint 265 ms/iter
> bench: embedders:heap/update/wasm32_update_write_bwd_1g_step_128k_page_delta 253 ms/iter
> bench: embedders:heap/update/wasm64_update_write_bwd_1g_step_128k_page_delta 256 ms/iter
> bench: embedders:heap/update/wasm32_update_write_bwd_1g_step_128k_mix 267 ms/iter
> bench: embedders:heap/update/wasm64_update_write_bwd_1g_step_128k_mix 266 ms/iter
> bench: embedders:heap/update/wasm32_update_write_bwd_1g_step_128k_new_allocation 183 ms/iter
> bench: embedders:heap/update/wasm64_update_write_bwd_1g_step_128k_new_allocation 182 ms/iter
> bench: embedders:heap/update/wasm32_update_write_bwd_1g_step_2m_checkpoint 20 ms/iter
> bench: embedders:heap/update/wasm64_update_write_bwd_1g_step_2m_checkpoint 20 ms/iter
> bench: embedders:heap/update/wasm32_update_write_bwd_1g_step_2m_page_delta 24 ms/iter
> bench: embedders:heap/update/wasm64_update_write_bwd_1g_step_2m_page_delta 26 ms/iter
> bench: embedders:heap/update/wasm32_update_write_bwd_1g_step_2m_mix 25 ms/iter
> bench: embedders:heap/update/wasm64_update_write_bwd_1g_step_2m_mix 25 ms/iter
> bench: embedders:heap/update/wasm32_update_write_bwd_1g_step_2m_new_allocation 12 ms/iter
> bench: embedders:heap/update/wasm64_update_write_bwd_1g_step_2m_new_allocation 11 ms/iter
> bench: embedders:heap/update/wasm32_update_write_bwd_1g_step_4m_checkpoint 10 ms/iter
> bench: embedders:heap/update/wasm64_update_write_bwd_1g_step_4m_checkpoint 10 ms/iter
> bench: embedders:heap/update/wasm32_update_write_bwd_1g_step_4m_page_delta 16 ms/iter
> bench: embedders:heap/update/wasm64_update_write_bwd_1g_step_4m_page_delta 13 ms/iter
> bench: embedders:heap/update/wasm32_update_write_bwd_1g_step_4m_mix 14 ms/iter
> bench: embedders:heap/update/wasm64_update_write_bwd_1g_step_4m_mix 18 ms/iter
> bench: embedders:heap/update/wasm32_update_write_bwd_1g_step_4m_new_allocation 6 ms/iter
> bench: embedders:heap/update/wasm64_update_write_bwd_1g_step_4m_new_allocation 6 ms/iter
= 7cc4568cb8..7cc4568cb8: Embedders Heap total time: 157264 ms (improved by -15183.7 ms / -8.8%)
  Top 10 by time:
  + embedders:heap/query/wasm64_query_write_fwd_1g_step_8k_mix time regressed by 147.3 ms (5.6%)
  + embedders:heap/query/wasm32_query_write_fwd_1g_step_2m_new_allocation time regressed by 141.1 ms (1485.6%)
  + embedders:heap/query/wasm64_query_write_fwd_1g_step_2m_new_allocation time regressed by 140.2 ms (1480.3%)
  + embedders:heap/query/wasm32_query_write_bwd_1g_step_2m_new_allocation time regressed by 140.0 ms (1438.7%)
  + embedders:heap/query/wasm64_query_write_bwd_1g_step_2m_new_allocation time regressed by 138.5 ms (1424.9%)
  + embedders:heap/update/wasm32_update_write_fwd_1g_step_8k_checkpoint time regressed by 123.3 ms (4.7%)
  + embedders:heap/query/wasm32_query_read_fwd_1g_step_8k_mix time regressed by 116.2 ms (5.7%)
  + embedders:heap/update/wasm64_update_write_fwd_1g_step_8k_checkpoint time regressed by 115.6 ms (4.4%)
  + embedders:heap/query/wasm64_query_write_bwd_1g_step_128k_new_allocation time regressed by 114.9 ms (325.4%)
  + embedders:heap/query/wasm32_query_write_bwd_1g_step_128k_new_allocation time regressed by 114.8 ms (327.3%)
  - embedders:heap/query/wasm32_query_write_bwd_1g_step_4k_page_delta time improved by -619.1 ms (-72.1%)
  - embedders:heap/query/wasm32_query_write_fwd_1g_step_4k_page_delta time improved by -603.7 ms (-71.6%)
  - embedders:heap/query/wasm64_query_write_fwd_1g_step_4k_page_delta time improved by -601.9 ms (-72.0%)
  - embedders:heap/query/wasm64_query_write_bwd_1g_step_4k_page_delta time improved by -597.6 ms (-71.5%)
  - embedders:heap/update/wasm32_update_write_bwd_1g_step_4k_page_delta time improved by -578.1 ms (-24.4%)
  - embedders:heap/query/wasm32_query_write_fwd_1g_step_4k_new_allocation time improved by -575.3 ms (-78.8%)
  - embedders:heap/query/wasm64_query_write_bwd_1g_step_4k_new_allocation time improved by -571.9 ms (-79.0%)
  - embedders:heap/query/wasm32_query_write_bwd_1g_step_4k_new_allocation time improved by -570.8 ms (-78.6%)
  - embedders:heap/query/wasm64_query_write_fwd_1g_step_4k_new_allocation time improved by -564.7 ms (-78.7%)
  - embedders:heap/update/wasm64_update_write_bwd_1g_step_4k_page_delta time improved by -541.6 ms (-22.8%)
  Top 10 by percentage:
  + embedders:heap/query/wasm64_query_write_bwd_1g_step_4m_new_allocation time regressed by 1633.2% (74.5 ms)
  + embedders:heap/query/wasm32_query_write_fwd_1g_step_4m_new_allocation time regressed by 1615.5% (72.8 ms)
  + embedders:heap/query/wasm32_query_write_bwd_1g_step_4m_new_allocation time regressed by 1603.5% (73.2 ms)
  + embedders:heap/query/wasm64_query_write_fwd_1g_step_4m_new_allocation time regressed by 1589.1% (71.5 ms)
  + embedders:heap/query/wasm32_query_write_fwd_1g_step_2m_new_allocation time regressed by 1485.6% (141.1 ms)
  + embedders:heap/query/wasm64_query_write_fwd_1g_step_2m_new_allocation time regressed by 1480.3% (140.2 ms)
  + embedders:heap/query/wasm32_query_write_bwd_1g_step_2m_new_allocation time regressed by 1438.7% (140.0 ms)
  + embedders:heap/query/wasm64_query_write_bwd_1g_step_2m_new_allocation time regressed by 1424.9% (138.5 ms)
  + embedders:heap/query/wasm32_query_write_bwd_1g_step_128k_new_allocation time regressed by 327.3% (114.8 ms)
  + embedders:heap/query/wasm64_query_write_bwd_1g_step_128k_new_allocation time regressed by 325.4% (114.9 ms)
  - embedders:heap/update/wasm64_update_read_bwd_1g_step_4k_new_allocation time improved by -97.8% (-262.0 ms)
  - embedders:heap/query/wasm64_query_read_bwd_1g_step_4k_new_allocation time improved by -97.8% (-272.5 ms)
  - embedders:heap/update/wasm64_update_read_fwd_1g_step_4k_new_allocation time improved by -97.7% (-262.0 ms)
  - embedders:heap/query/wasm64_query_read_fwd_1g_step_4k_new_allocation time improved by -97.7% (-271.4 ms)
  - embedders:heap/query/wasm32_query_read_bwd_1g_step_4k_new_allocation time improved by -97.7% (-272.3 ms)
  - embedders:heap/update/wasm32_update_read_bwd_1g_step_4k_new_allocation time improved by -97.6% (-260.5 ms)
  - embedders:heap/update/wasm32_update_read_fwd_1g_step_4k_new_allocation time improved by -97.6% (-261.9 ms)
  - embedders:heap/query/wasm32_query_read_fwd_1g_step_4k_new_allocation time improved by -97.6% (-271.7 ms)
  - embedders:heap/query/wasm64_query_read_bwd_1g_step_8k_new_allocation time improved by -96.2% (-138.8 ms)
  - embedders:heap/query/wasm64_query_read_fwd_1g_step_8k_new_allocation time improved by -96.2% (-139.8 ms)
> bench: embedders:heap/query/wasm32_query_read_fwd_1g_step_4k_checkpoint 190 ms/iter
> bench: embedders:heap/query/wasm64_query_read_fwd_1g_step_4k_checkpoint 205 ms/iter
> bench: embedders:heap/query/wasm32_query_read_fwd_1g_step_4k_page_delta 234 ms/iter
> bench: embedders:heap/query/wasm64_query_read_fwd_1g_step_4k_page_delta 235 ms/iter
> bench: embedders:heap/query/wasm32_query_read_fwd_1g_step_4k_mix 678 ms/iter
> bench: embedders:heap/query/wasm64_query_read_fwd_1g_step_4k_mix 650 ms/iter
> bench: embedders:heap/query/wasm32_query_read_fwd_1g_step_4k_new_allocation 6 ms/iter
> bench: embedders:heap/query/wasm64_query_read_fwd_1g_step_4k_new_allocation 6 ms/iter
> bench: embedders:heap/query/wasm32_query_read_fwd_1g_step_8k_checkpoint 172 ms/iter
> bench: embedders:heap/query/wasm64_query_read_fwd_1g_step_8k_checkpoint 188 ms/iter
> bench: embedders:heap/query/wasm32_query_read_fwd_1g_step_8k_page_delta 1881 ms/iter
> bench: embedders:heap/query/wasm64_query_read_fwd_1g_step_8k_page_delta 1990 ms/iter
> bench: embedders:heap/query/wasm32_query_read_fwd_1g_step_8k_mix 2132 ms/iter
> bench: embedders:heap/query/wasm64_query_read_fwd_1g_step_8k_mix 2131 ms/iter
> bench: embedders:heap/query/wasm32_query_read_fwd_1g_step_8k_new_allocation 5 ms/iter
> bench: embedders:heap/query/wasm64_query_read_fwd_1g_step_8k_new_allocation 5 ms/iter
> bench: embedders:heap/query/wasm32_query_read_fwd_1g_step_64k_checkpoint 175 ms/iter
> bench: embedders:heap/query/wasm64_query_read_fwd_1g_step_64k_checkpoint 178 ms/iter
> bench: embedders:heap/query/wasm32_query_read_fwd_1g_step_64k_page_delta 232 ms/iter
> bench: embedders:heap/query/wasm64_query_read_fwd_1g_step_64k_page_delta 237 ms/iter
> bench: embedders:heap/query/wasm32_query_read_fwd_1g_step_64k_mix 269 ms/iter
> bench: embedders:heap/query/wasm64_query_read_fwd_1g_step_64k_mix 263 ms/iter
> bench: embedders:heap/query/wasm32_query_read_fwd_1g_step_64k_new_allocation 5 ms/iter
> bench: embedders:heap/query/wasm64_query_read_fwd_1g_step_64k_new_allocation 5 ms/iter
> bench: embedders:heap/query/wasm32_query_read_fwd_1g_step_128k_checkpoint 92 ms/iter
> bench: embedders:heap/query/wasm64_query_read_fwd_1g_step_128k_checkpoint 93 ms/iter
> bench: embedders:heap/query/wasm32_query_read_fwd_1g_step_128k_page_delta 117 ms/iter
> bench: embedders:heap/query/wasm64_query_read_fwd_1g_step_128k_page_delta 120 ms/iter
> bench: embedders:heap/query/wasm32_query_read_fwd_1g_step_128k_mix 139 ms/iter
> bench: embedders:heap/query/wasm64_query_read_fwd_1g_step_128k_mix 140 ms/iter
> bench: embedders:heap/query/wasm32_query_read_fwd_1g_step_128k_new_allocation 5 ms/iter
> bench: embedders:heap/query/wasm64_query_read_fwd_1g_step_128k_new_allocation 5 ms/iter
> bench: embedders:heap/query/wasm32_query_read_fwd_1g_step_2m_checkpoint 9 ms/iter
> bench: embedders:heap/query/wasm64_query_read_fwd_1g_step_2m_checkpoint 9 ms/iter
> bench: embedders:heap/query/wasm32_query_read_fwd_1g_step_2m_page_delta 8 ms/iter
> bench: embedders:heap/query/wasm64_query_read_fwd_1g_step_2m_page_delta 8 ms/iter
> bench: embedders:heap/query/wasm32_query_read_fwd_1g_step_2m_mix 8 ms/iter
> bench: embedders:heap/query/wasm64_query_read_fwd_1g_step_2m_mix 9 ms/iter
> bench: embedders:heap/query/wasm32_query_read_fwd_1g_step_2m_new_allocation 4 ms/iter
> bench: embedders:heap/query/wasm64_query_read_fwd_1g_step_2m_new_allocation 4 ms/iter
> bench: embedders:heap/query/wasm32_query_read_fwd_1g_step_4m_checkpoint 5 ms/iter
> bench: embedders:heap/query/wasm64_query_read_fwd_1g_step_4m_checkpoint 5 ms/iter
> bench: embedders:heap/query/wasm32_query_read_fwd_1g_step_4m_page_delta 4 ms/iter
> bench: embedders:heap/query/wasm64_query_read_fwd_1g_step_4m_page_delta 4 ms/iter
> bench: embedders:heap/query/wasm32_query_read_fwd_1g_step_4m_mix 4 ms/iter
> bench: embedders:heap/query/wasm64_query_read_fwd_1g_step_4m_mix 4 ms/iter
> bench: embedders:heap/query/wasm32_query_read_fwd_1g_step_4m_new_allocation 2 ms/iter
> bench: embedders:heap/query/wasm64_query_read_fwd_1g_step_4m_new_allocation 2 ms/iter
> bench: embedders:heap/query/wasm32_query_read_bwd_1g_step_4k_checkpoint 202 ms/iter
> bench: embedders:heap/query/wasm64_query_read_bwd_1g_step_4k_checkpoint 192 ms/iter
> bench: embedders:heap/query/wasm32_query_read_bwd_1g_step_4k_page_delta 236 ms/iter
> bench: embedders:heap/query/wasm64_query_read_bwd_1g_step_4k_page_delta 234 ms/iter
> bench: embedders:heap/query/wasm32_query_read_bwd_1g_step_4k_mix 664 ms/iter
> bench: embedders:heap/query/wasm64_query_read_bwd_1g_step_4k_mix 667 ms/iter
> bench: embedders:heap/query/wasm32_query_read_bwd_1g_step_4k_new_allocation 6 ms/iter
> bench: embedders:heap/query/wasm64_query_read_bwd_1g_step_4k_new_allocation 5 ms/iter
> bench: embedders:heap/query/wasm32_query_read_bwd_1g_step_8k_checkpoint 176 ms/iter
> bench: embedders:heap/query/wasm64_query_read_bwd_1g_step_8k_checkpoint 181 ms/iter
> bench: embedders:heap/query/wasm32_query_read_bwd_1g_step_8k_page_delta 236 ms/iter
> bench: embedders:heap/query/wasm64_query_read_bwd_1g_step_8k_page_delta 232 ms/iter
> bench: embedders:heap/query/wasm32_query_read_bwd_1g_step_8k_mix 569 ms/iter
> bench: embedders:heap/query/wasm64_query_read_bwd_1g_step_8k_mix 558 ms/iter
> bench: embedders:heap/query/wasm32_query_read_bwd_1g_step_8k_new_allocation 5 ms/iter
> bench: embedders:heap/query/wasm64_query_read_bwd_1g_step_8k_new_allocation 5 ms/iter
> bench: embedders:heap/query/wasm32_query_read_bwd_1g_step_64k_checkpoint 167 ms/iter
> bench: embedders:heap/query/wasm64_query_read_bwd_1g_step_64k_checkpoint 173 ms/iter
> bench: embedders:heap/query/wasm32_query_read_bwd_1g_step_64k_page_delta 338 ms/iter
> bench: embedders:heap/query/wasm64_query_read_bwd_1g_step_64k_page_delta 333 ms/iter
> bench: embedders:heap/query/wasm32_query_read_bwd_1g_step_64k_mix 364 ms/iter
> bench: embedders:heap/query/wasm64_query_read_bwd_1g_step_64k_mix 372 ms/iter
> bench: embedders:heap/query/wasm32_query_read_bwd_1g_step_64k_new_allocation 5 ms/iter
> bench: embedders:heap/query/wasm64_query_read_bwd_1g_step_64k_new_allocation 5 ms/iter
> bench: embedders:heap/query/wasm32_query_read_bwd_1g_step_128k_checkpoint 82 ms/iter
> bench: embedders:heap/query/wasm64_query_read_bwd_1g_step_128k_checkpoint 88 ms/iter
> bench: embedders:heap/query/wasm32_query_read_bwd_1g_step_128k_page_delta 172 ms/iter
> bench: embedders:heap/query/wasm64_query_read_bwd_1g_step_128k_page_delta 165 ms/iter
> bench: embedders:heap/query/wasm32_query_read_bwd_1g_step_128k_mix 193 ms/iter
> bench: embedders:heap/query/wasm64_query_read_bwd_1g_step_128k_mix 193 ms/iter
> bench: embedders:heap/query/wasm32_query_read_bwd_1g_step_128k_new_allocation 5 ms/iter
> bench: embedders:heap/query/wasm64_query_read_bwd_1g_step_128k_new_allocation 5 ms/iter
> bench: embedders:heap/query/wasm32_query_read_bwd_1g_step_2m_checkpoint 9 ms/iter
> bench: embedders:heap/query/wasm64_query_read_bwd_1g_step_2m_checkpoint 9 ms/iter
> bench: embedders:heap/query/wasm32_query_read_bwd_1g_step_2m_page_delta 11 ms/iter
> bench: embedders:heap/query/wasm64_query_read_bwd_1g_step_2m_page_delta 11 ms/iter
> bench: embedders:heap/query/wasm32_query_read_bwd_1g_step_2m_mix 11 ms/iter
> bench: embedders:heap/query/wasm64_query_read_bwd_1g_step_2m_mix 11 ms/iter
> bench: embedders:heap/query/wasm32_query_read_bwd_1g_step_2m_new_allocation 4 ms/iter
> bench: embedders:heap/query/wasm64_query_read_bwd_1g_step_2m_new_allocation 4 ms/iter
> bench: embedders:heap/query/wasm32_query_read_bwd_1g_step_4m_checkpoint 5 ms/iter
> bench: embedders:heap/query/wasm64_query_read_bwd_1g_step_4m_checkpoint 5 ms/iter
> bench: embedders:heap/query/wasm32_query_read_bwd_1g_step_4m_page_delta 4 ms/iter
> bench: embedders:heap/query/wasm64_query_read_bwd_1g_step_4m_page_delta 5 ms/iter
> bench: embedders:heap/query/wasm32_query_read_bwd_1g_step_4m_mix 5 ms/iter
> bench: embedders:heap/query/wasm64_query_read_bwd_1g_step_4m_mix 5 ms/iter
> bench: embedders:heap/query/wasm32_query_read_bwd_1g_step_4m_new_allocation 4 ms/iter
> bench: embedders:heap/query/wasm64_query_read_bwd_1g_step_4m_new_allocation 4 ms/iter
> bench: embedders:heap/update/wasm32_update_read_fwd_1g_step_4k_checkpoint 115 ms/iter
> bench: embedders:heap/update/wasm64_update_read_fwd_1g_step_4k_checkpoint 102 ms/iter
> bench: embedders:heap/update/wasm32_update_read_fwd_1g_step_4k_page_delta 237 ms/iter
> bench: embedders:heap/update/wasm64_update_read_fwd_1g_step_4k_page_delta 236 ms/iter
> bench: embedders:heap/update/wasm32_update_read_fwd_1g_step_4k_mix 619 ms/iter
> bench: embedders:heap/update/wasm64_update_read_fwd_1g_step_4k_mix 612 ms/iter
> bench: embedders:heap/update/wasm32_update_read_fwd_1g_step_4k_new_allocation 6 ms/iter
> bench: embedders:heap/update/wasm64_update_read_fwd_1g_step_4k_new_allocation 6 ms/iter
> bench: embedders:heap/update/wasm32_update_read_fwd_1g_step_8k_checkpoint 90 ms/iter
> bench: embedders:heap/update/wasm64_update_read_fwd_1g_step_8k_checkpoint 96 ms/iter
> bench: embedders:heap/update/wasm32_update_read_fwd_1g_step_8k_page_delta 1345 ms/iter
> bench: embedders:heap/update/wasm64_update_read_fwd_1g_step_8k_page_delta 1356 ms/iter
> bench: embedders:heap/update/wasm32_update_read_fwd_1g_step_8k_mix 1536 ms/iter
> bench: embedders:heap/update/wasm64_update_read_fwd_1g_step_8k_mix 1539 ms/iter
> bench: embedders:heap/update/wasm32_update_read_fwd_1g_step_8k_new_allocation 5 ms/iter
> bench: embedders:heap/update/wasm64_update_read_fwd_1g_step_8k_new_allocation 5 ms/iter
> bench: embedders:heap/update/wasm32_update_read_fwd_1g_step_64k_checkpoint 77 ms/iter
> bench: embedders:heap/update/wasm64_update_read_fwd_1g_step_64k_checkpoint 77 ms/iter
> bench: embedders:heap/update/wasm32_update_read_fwd_1g_step_64k_page_delta 186 ms/iter
> bench: embedders:heap/update/wasm64_update_read_fwd_1g_step_64k_page_delta 189 ms/iter
> bench: embedders:heap/update/wasm32_update_read_fwd_1g_step_64k_mix 212 ms/iter
> bench: embedders:heap/update/wasm64_update_read_fwd_1g_step_64k_mix 212 ms/iter
> bench: embedders:heap/update/wasm32_update_read_fwd_1g_step_64k_new_allocation 5 ms/iter
> bench: embedders:heap/update/wasm64_update_read_fwd_1g_step_64k_new_allocation 5 ms/iter
> bench: embedders:heap/update/wasm32_update_read_fwd_1g_step_128k_checkpoint 43 ms/iter
> bench: embedders:heap/update/wasm64_update_read_fwd_1g_step_128k_checkpoint 44 ms/iter
> bench: embedders:heap/update/wasm32_update_read_fwd_1g_step_128k_page_delta 103 ms/iter
> bench: embedders:heap/update/wasm64_update_read_fwd_1g_step_128k_page_delta 107 ms/iter
> bench: embedders:heap/update/wasm32_update_read_fwd_1g_step_128k_mix 114 ms/iter
> bench: embedders:heap/update/wasm64_update_read_fwd_1g_step_128k_mix 114 ms/iter
> bench: embedders:heap/update/wasm32_update_read_fwd_1g_step_128k_new_allocation 5 ms/iter
> bench: embedders:heap/update/wasm64_update_read_fwd_1g_step_128k_new_allocation 5 ms/iter
> bench: embedders:heap/update/wasm32_update_read_fwd_1g_step_2m_checkpoint 7 ms/iter
> bench: embedders:heap/update/wasm64_update_read_fwd_1g_step_2m_checkpoint 7 ms/iter
> bench: embedders:heap/update/wasm32_update_read_fwd_1g_step_2m_page_delta 12 ms/iter
> bench: embedders:heap/update/wasm64_update_read_fwd_1g_step_2m_page_delta 11 ms/iter
> bench: embedders:heap/update/wasm32_update_read_fwd_1g_step_2m_mix 12 ms/iter
> bench: embedders:heap/update/wasm64_update_read_fwd_1g_step_2m_mix 15 ms/iter
> bench: embedders:heap/update/wasm32_update_read_fwd_1g_step_2m_new_allocation 5 ms/iter
> bench: embedders:heap/update/wasm64_update_read_fwd_1g_step_2m_new_allocation 4 ms/iter
> bench: embedders:heap/update/wasm32_update_read_fwd_1g_step_4m_checkpoint 4 ms/iter
> bench: embedders:heap/update/wasm64_update_read_fwd_1g_step_4m_checkpoint 4 ms/iter
> bench: embedders:heap/update/wasm32_update_read_fwd_1g_step_4m_page_delta 5 ms/iter
> bench: embedders:heap/update/wasm64_update_read_fwd_1g_step_4m_page_delta 8 ms/iter
> bench: embedders:heap/update/wasm32_update_read_fwd_1g_step_4m_mix 7 ms/iter
> bench: embedders:heap/update/wasm64_update_read_fwd_1g_step_4m_mix 7 ms/iter
> bench: embedders:heap/update/wasm32_update_read_fwd_1g_step_4m_new_allocation 2 ms/iter
> bench: embedders:heap/update/wasm64_update_read_fwd_1g_step_4m_new_allocation 2 ms/iter
> bench: embedders:heap/update/wasm32_update_read_bwd_1g_step_4k_checkpoint 117 ms/iter
> bench: embedders:heap/update/wasm64_update_read_bwd_1g_step_4k_checkpoint 105 ms/iter
> bench: embedders:heap/update/wasm32_update_read_bwd_1g_step_4k_page_delta 242 ms/iter
> bench: embedders:heap/update/wasm64_update_read_bwd_1g_step_4k_page_delta 236 ms/iter
> bench: embedders:heap/update/wasm32_update_read_bwd_1g_step_4k_mix 621 ms/iter
> bench: embedders:heap/update/wasm64_update_read_bwd_1g_step_4k_mix 606 ms/iter
> bench: embedders:heap/update/wasm32_update_read_bwd_1g_step_4k_new_allocation 6 ms/iter
> bench: embedders:heap/update/wasm64_update_read_bwd_1g_step_4k_new_allocation 5 ms/iter
> bench: embedders:heap/update/wasm32_update_read_bwd_1g_step_8k_checkpoint 95 ms/iter
> bench: embedders:heap/update/wasm64_update_read_bwd_1g_step_8k_checkpoint 101 ms/iter
> bench: embedders:heap/update/wasm32_update_read_bwd_1g_step_8k_page_delta 235 ms/iter
> bench: embedders:heap/update/wasm64_update_read_bwd_1g_step_8k_page_delta 239 ms/iter
> bench: embedders:heap/update/wasm32_update_read_bwd_1g_step_8k_mix 544 ms/iter
> bench: embedders:heap/update/wasm64_update_read_bwd_1g_step_8k_mix 549 ms/iter
> bench: embedders:heap/update/wasm32_update_read_bwd_1g_step_8k_new_allocation 5 ms/iter
> bench: embedders:heap/update/wasm64_update_read_bwd_1g_step_8k_new_allocation 5 ms/iter
> bench: embedders:heap/update/wasm32_update_read_bwd_1g_step_64k_checkpoint 84 ms/iter
> bench: embedders:heap/update/wasm64_update_read_bwd_1g_step_64k_checkpoint 85 ms/iter
> bench: embedders:heap/update/wasm32_update_read_bwd_1g_step_64k_page_delta 295 ms/iter
> bench: embedders:heap/update/wasm64_update_read_bwd_1g_step_64k_page_delta 294 ms/iter
> bench: embedders:heap/update/wasm32_update_read_bwd_1g_step_64k_mix 326 ms/iter
> bench: embedders:heap/update/wasm64_update_read_bwd_1g_step_64k_mix 331 ms/iter
> bench: embedders:heap/update/wasm32_update_read_bwd_1g_step_64k_new_allocation 5 ms/iter
> bench: embedders:heap/update/wasm64_update_read_bwd_1g_step_64k_new_allocation 5 ms/iter
> bench: embedders:heap/update/wasm32_update_read_bwd_1g_step_128k_checkpoint 44 ms/iter
> bench: embedders:heap/update/wasm64_update_read_bwd_1g_step_128k_checkpoint 42 ms/iter
> bench: embedders:heap/update/wasm32_update_read_bwd_1g_step_128k_page_delta 155 ms/iter
> bench: embedders:heap/update/wasm64_update_read_bwd_1g_step_128k_page_delta 155 ms/iter
