Jan 13 16:35:45.001 INFO s:/n:/ic_btc_adapter/ic_btc_adapter Starting the adapter with config: {
  "network": "testnet4",
  "dns_seeds": [
    "seed.testnet4.bitcoin.sprovoost.nl",
    "seed.testnet4.wiz.biz"
  ],
  "nodes": [],
  "socks_proxy": null,
  "idle_seconds": 300,
  "ipv6_only": true,
  "logger": {
    "level": "debug",
    "format": "text_full",
    "log_destination": {
      "File": "bitcoin_adapter.log"
    },
    "block_on_overflow": true
  },
  "incoming_source": {
    "Path": "bitcoin_adapter.sock"
  },
  "address_limits": [
    100,
    1000
  ]
}
Jan 13 16:35:45.533 DEBG s:/n:/ic_btc_adapter/stream No direct connectivity to bitcoin peer [2001:df6:7280::92:204]:48333 and no socks proxy available.
Jan 13 16:35:45.533 DEBG s:/n:/ic_btc_adapter/stream No direct connectivity to bitcoin peer [2001:df6:7280::92:205]:48333 and no socks proxy available.
Jan 13 16:35:45.533 INFO s:/n:/ic_btc_adapter/stream Failed to connect to [2001:df6:7280::92:204]:48333 ::: Connection refused (os error 111)
Jan 13 16:35:45.533 INFO s:/n:/ic_btc_adapter/stream Failed to connect to [2001:df6:7280::92:205]:48333 ::: Connection refused (os error 111)
Jan 13 16:35:45.843 INFO s:/n:/ic_btc_adapter/addressbook Added 179 address(es) from [2001:df6:7280::92:210]:48333.
Jan 13 16:35:45.843 INFO s:/n:/ic_btc_adapter/connectionmanager Adapter has discovered enough addresses: 179
Jan 13 16:35:46.026 INFO s:/n:/ic_btc_adapter/addressbook Added 197 address(es) from [2001:df6:7280::92:214]:48333.
Jan 13 16:35:46.045 INFO s:/n:/ic_btc_adapter/addressbook Added 185 address(es) from [2001:df6:7280::92:212]:48333.
Jan 13 16:35:46.052 INFO s:/n:/ic_btc_adapter/addressbook Added 204 address(es) from [2001:df6:7280::92:208]:48333.
Jan 13 16:35:46.052 INFO s:/n:/ic_btc_adapter/addressbook Added 216 address(es) from [2001:df6:7280::92:209]:48333.
Jan 13 16:35:46.128 INFO s:/n:/ic_btc_adapter/addressbook Added 208 address(es) from [2001:df6:7280::92:211]:48333.
Jan 13 16:35:47.067 INFO s:/n:/ic_btc_adapter/addressbook Added 205 address(es) from [2001:b07:646f:c339:44d3:30b7:831b:da29]:48333.
Jan 13 16:35:49.928 DEBG s:/n:/ic_btc_adapter/stream No direct connectivity to bitcoin peer [2a00:f29:2e0:2758:52a1:32ff:fe23:25ea]:18332 and no socks proxy available.
Jan 13 16:35:49.928 INFO s:/n:/ic_btc_adapter/stream Failed to connect to [2a00:f29:2e0:2758:52a1:32ff:fe23:25ea]:18332 ::: No route to host (os error 113)
Jan 13 16:35:50.524 INFO s:/n:/ic_btc_adapter/stream Failed to connect to [2605:6440:1000:12:3eec:efff:feb4:bdba]:48333 ::: Connecting to the stream timed out.
Jan 13 16:35:50.635 DEBG s:/n:/ic_btc_adapter/stream No direct connectivity to bitcoin peer [2003:df:9f13:5600:a097:382:5936:8911]:48333 and no socks proxy available.
Jan 13 16:35:50.635 INFO s:/n:/ic_btc_adapter/stream Failed to connect to [2003:df:9f13:5600:a097:382:5936:8911]:48333 ::: Permission denied (os error 13)
Jan 13 16:35:51.106 INFO s:/n:/ic_btc_adapter/stream Failed to connect to [2401:b140:3::88:165]:48333 ::: Connecting to the stream timed out.
Jan 13 16:35:51.205 INFO s:/n:/ic_btc_adapter/stream Failed to connect to [2600:1700:cce0:2650:9543:5d10:84bb:9dea]:48333 ::: Connecting to the stream timed out.
Jan 13 16:35:52.106 INFO s:/n:/ic_btc_adapter/stream Failed to connect to [2602:ffb6:4:8185:f816:3eff:fe4a:acbf]:48333 ::: Connecting to the stream timed out.
Jan 13 16:35:53.021 INFO s:/n:/ic_btc_adapter/addressbook Added 193 address(es) from [2401:b140:4::92:210]:48333.
Jan 13 16:35:54.677 INFO s:/n:/ic_btc_adapter/blockchainmanager Added headers: Height = 2000, Active chain's tip = 00000000e8ca04ea9cc45f31650f2f79582a7644168721ed647a911aca26d19e
Jan 13 16:35:55.005 INFO s:/n:/ic_btc_adapter/stream Failed to connect to [2a02:a312:40f0:5300:9c7f:2cb3:f2cd:220d]:48333 ::: Connecting to the stream timed out.
Jan 13 16:35:55.861 INFO s:/n:/ic_btc_adapter/blockchainmanager Added headers: Height = 4000, Active chain's tip = 000000001ad4cb83ac630ce327922439a51adf2ca7dfb48668ec1b3002772b66
Jan 13 16:35:55.861 INFO s:/n:/ic_btc_adapter/stream Failed to connect to [2a02:a312:40f0:5300:94b7:2d24:712:c92a]:48333 ::: Connecting to the stream timed out.
Jan 13 16:35:56.205 INFO s:/n:/ic_btc_adapter/stream Failed to connect to [2001:b07:6442:279:b110:3b4d:cfc5:f353]:48333 ::: Connecting to the stream timed out.
Jan 13 16:35:56.305 INFO s:/n:/ic_btc_adapter/stream Failed to connect to [2a02:3100:1b30:bdf7:7f2f:aee7:9b09:3d72]:48333 ::: Connecting to the stream timed out.
Jan 13 16:35:57.032 INFO s:/n:/ic_btc_adapter/blockchainmanager Added headers: Height = 6000, Active chain's tip = 000000000302f0aadaf70036296603f8e6faa1fe8bc62ae04fbc08df8f3654ec
Jan 13 16:35:57.347 INFO s:/n:/ic_btc_adapter/addressbook Added 214 address(es) from [2401:b140:4::92:211]:48333.
Jan 13 16:35:58.114 INFO s:/n:/ic_btc_adapter/blockchainmanager Added headers: Height = 8000, Active chain's tip = 00000000001116b0a2de5da24cfee9a37e9d896fee3d2960fd3b0465c31d260f
Jan 13 16:35:59.182 INFO s:/n:/ic_btc_adapter/blockchainmanager Added headers: Height = 10000, Active chain's tip = 000000000037079ff4c37eed57d00eb9ddfde8737b559ffa4101b11e76c97466
Jan 13 16:36:00.353 INFO s:/n:/ic_btc_adapter/blockchainmanager Added headers: Height = 12000, Active chain's tip = 00000000000c148aede7d51e7488a203cc2e6ff36142032c277e6931af6eb76b
Jan 13 16:36:00.354 INFO s:/n:/ic_btc_adapter/stream Failed to connect to [2a00:808:154:f997:11be:facc:323a:b31a]:48333 ::: Connecting to the stream timed out.
Jan 13 16:36:00.905 INFO s:/n:/ic_btc_adapter/stream Failed to connect to [2a00:d4e0:ff:fc01:9fa:acdb:307d:c2d0]:48333 ::: Connecting to the stream timed out.
Jan 13 16:36:01.530 INFO s:/n:/ic_btc_adapter/blockchainmanager Added headers: Height = 14000, Active chain's tip = 000000000003fed2c6688a2a9e2862397f3efcb4cac1db92d92452b6ab02670f
Jan 13 16:36:01.530 INFO s:/n:/ic_btc_adapter/stream Failed to connect to [2401:b140:1::92:205]:48333 ::: Connecting to the stream timed out.
Jan 13 16:36:02.716 INFO s:/n:/ic_btc_adapter/blockchainmanager Added headers: Height = 16000, Active chain's tip = 000000000000910e5cee8668c1cef4954b260599814953fd12ce70cfb1425215
Jan 13 16:36:03.884 INFO s:/n:/ic_btc_adapter/blockchainmanager Added headers: Height = 18000, Active chain's tip = 000000000000f2e03a86f39a5d0e36baa6977d1015c122651ac3d70f30a5359c
Jan 13 16:36:05.041 INFO s:/n:/ic_btc_adapter/blockchainmanager Added headers: Height = 20000, Active chain's tip = 0000000000003a28386161143be8e7cdc3d857021986c4d0ee140d852a155b59
Jan 13 16:36:05.405 INFO s:/n:/ic_btc_adapter/stream Failed to connect to [2a01:cb04:119a:f200:4c9:d9de:c943:cc09]:48333 ::: Connecting to the stream timed out.
Jan 13 16:36:06.206 INFO s:/n:/ic_btc_adapter/blockchainmanager Added headers: Height = 22000, Active chain's tip = 0000000000000a77905eaa0e0d9c35f9833c5c23c65ea29787b652a7bf0037d5
Jan 13 16:36:06.206 INFO s:/n:/ic_btc_adapter/stream Failed to connect to [2a01:c23:64da:fb74:a2d3:b211:983b:91c2]:48333 ::: Connecting to the stream timed out.
Jan 13 16:36:06.605 INFO s:/n:/ic_btc_adapter/stream Failed to connect to [2a02:a312:40f0:5300:9c7f:2cb3:f2cd:220d]:48333 ::: Connecting to the stream timed out.
Jan 13 16:36:07.384 INFO s:/n:/ic_btc_adapter/blockchainmanager Added headers: Height = 24000, Active chain's tip = 00000000000002ed40bff5de3b44af3d0f391fe5c5a3d224e8de5eae5581735b
Jan 13 16:36:08.455 INFO s:/n:/ic_btc_adapter/blockchainmanager Added headers: Height = 26000, Active chain's tip = 0000000000000064ce066d01dcd1f4601acf30b5960368cea42dceaee603dab5
Jan 13 16:36:09.618 INFO s:/n:/ic_btc_adapter/blockchainmanager Added headers: Height = 28000, Active chain's tip = 0000000000287e756dfb036bbd41a09d59533ecc3b73674cf1fd7ffae2d2207d
Jan 13 16:36:10.794 INFO s:/n:/ic_btc_adapter/blockchainmanager Added headers: Height = 30000, Active chain's tip = 000000000000000095a56b41da7618b40949a3aef84059732ff1b045cb44fbbf
Jan 13 16:36:10.794 INFO s:/n:/ic_btc_adapter/stream Failed to connect to [240e:338:821:14b0:2e0:4cff:fe4e:9277]:48333 ::: Connecting to the stream timed out.
Jan 13 16:36:11.305 INFO s:/n:/ic_btc_adapter/stream Failed to connect to [2a02:a312:40f0:5300:9c02:f322:ad92:e8c3]:48333 ::: Connecting to the stream timed out.
Jan 13 16:36:11.941 INFO s:/n:/ic_btc_adapter/blockchainmanager Added headers: Height = 32000, Active chain's tip = 00000000a4350556fc2954810a44877103779d3b249f4963b67fd603fd704cde
Jan 13 16:36:11.941 INFO s:/n:/ic_btc_adapter/stream Failed to connect to [2401:4900:8841:3ee2:1023:fe78:5c05:8a38]:48333 ::: Connecting to the stream timed out.
Jan 13 16:36:13.101 INFO s:/n:/ic_btc_adapter/blockchainmanager Added headers: Height = 34000, Active chain's tip = 00000000000000053295ff04b36acc4540703bbb49caff562ca20d02516b84b2
Jan 13 16:36:14.248 INFO s:/n:/ic_btc_adapter/blockchainmanager Added headers: Height = 36000, Active chain's tip = 00000000000000244c03f453698f3193e260b2740360daadc67d611f5ab15ef2
Jan 13 16:36:15.303 INFO s:/n:/ic_btc_adapter/blockchainmanager Added headers: Height = 38000, Active chain's tip = 0000000000000032fa3a3ff4a6d00be9db7113b5a09bec54f864bf16046e2cf7
Jan 13 16:36:15.303 DEBG s:/n:/ic_btc_adapter/stream No direct connectivity to bitcoin peer [2a02:ff0:220:da4a:28aa:44cd:1435:9da8]:48333 and no socks proxy available.
Jan 13 16:36:15.303 INFO s:/n:/ic_btc_adapter/stream Failed to connect to [2a02:ff0:220:da4a:28aa:44cd:1435:9da8]:48333 ::: No route to host (os error 113)
Jan 13 16:36:15.318 DEBG s:/n:/ic_btc_adapter/stream No direct connectivity to bitcoin peer [2003:f6:df0f:2600:12b2:40b:a8f1:ca4d]:48333 and no socks proxy available.
Jan 13 16:36:15.319 INFO s:/n:/ic_btc_adapter/stream Failed to connect to [2003:f6:df0f:2600:12b2:40b:a8f1:ca4d]:48333 ::: Permission denied (os error 13)
Jan 13 16:36:15.806 INFO s:/n:/ic_btc_adapter/stream Failed to connect to [2600:1700:3170:6a20:727b:9559:4c12:343d]:48333 ::: Connecting to the stream timed out.
Jan 13 16:36:16.337 INFO s:/n:/ic_btc_adapter/blockchainmanager Added headers: Height = 40000, Active chain's tip = 000000000000000c1a1fad82b0e133f4772802b6dff7a95990580ae2e15c634f
Jan 13 16:36:16.405 INFO s:/n:/ic_btc_adapter/stream Failed to connect to [2a0c:5a87:8401:7500:ba57:ed14:dd02:c3a4]:48333 ::: Connecting to the stream timed out.
Jan 13 16:36:17.371 INFO s:/n:/ic_btc_adapter/blockchainmanager Added headers: Height = 42000, Active chain's tip = 0000000067e871308ed838eaf7365ab1d61b8a0187f39e5457096596d73adad4
Jan 13 16:36:18.401 INFO s:/n:/ic_btc_adapter/blockchainmanager Added headers: Height = 44000, Active chain's tip = 000000007c45abdd246fb171d826b4adec60ced93208185474935445e15c9690
Jan 13 16:36:19.533 INFO s:/n:/ic_btc_adapter/blockchainmanager Added headers: Height = 46000, Active chain's tip = 0000000015222c1380636cd645fc38be3c90fab4e24d5b9be0cd31f4ecdd734b
Jan 13 16:36:20.538 INFO s:/n:/ic_btc_adapter/blockchainmanager Added headers: Height = 48000, Active chain's tip = 0000000014d177c53bc3266605968eddafc78c9d001ca43a6cec8be7d30dcdca
Jan 13 16:36:20.539 INFO s:/n:/ic_btc_adapter/stream Failed to connect to [2a0c:5a87:8401:7500:9598:bd6d:cd45:6036]:48333 ::: Connecting to the stream timed out.
Jan 13 16:36:20.904 INFO s:/n:/ic_btc_adapter/stream Failed to connect to [2600:1700:3170:6a20:54a5:64df:9706:e7ff]:48333 ::: Connecting to the stream timed out.
Jan 13 16:36:21.550 INFO s:/n:/ic_btc_adapter/blockchainmanager Added headers: Height = 50000, Active chain's tip = 00000000e2c8c94ba126169a88997233f07a9769e2b009fb10cad0e893eff2cb
Jan 13 16:36:21.551 INFO s:/n:/ic_btc_adapter/stream Failed to connect to [2601:8c:8300:9e:28b0:b1e9:b572:1458]:48333 ::: Connecting to the stream timed out.
Jan 13 16:36:22.569 INFO s:/n:/ic_btc_adapter/blockchainmanager Added headers: Height = 52000, Active chain's tip = 000000000057e4a39b583f13d2bc93c12f1f58d9ed432e298fc699ccb939fb13
Jan 13 16:36:23.590 INFO s:/n:/ic_btc_adapter/blockchainmanager Added headers: Height = 54000, Active chain's tip = 000000000057685c85d53ab5a10bd87c8ef9a3d07534cff3ef6f4c27bd2d718a
Jan 13 16:36:24.596 INFO s:/n:/ic_btc_adapter/blockchainmanager Added headers: Height = 56000, Active chain's tip = 0000000000a70700870f622b5c3311a00145f7bc2bd3d35e138cc18178272716
Jan 13 16:36:25.641 INFO s:/n:/ic_btc_adapter/blockchainmanager Added headers: Height = 58000, Active chain's tip = 00000000d3ec21fa7fa1771aefcf6462d19921996ddb4f7beeb19b0c8ed1fe2d
Jan 13 16:36:25.641 INFO s:/n:/ic_btc_adapter/stream Failed to connect to [2a02:85f:f06f:501:ad7:d150:6b7a:5a47]:48333 ::: Connecting to the stream timed out.
Jan 13 16:36:25.879 DEBG s:/n:/ic_btc_adapter/stream No direct connectivity to bitcoin peer [2804:14d:baa0:9994:2458:6b04:a686:19fb]:48333 and no socks proxy available.
Jan 13 16:36:25.879 INFO s:/n:/ic_btc_adapter/stream Failed to connect to [2804:14d:baa0:9994:2458:6b04:a686:19fb]:48333 ::: Connection refused (os error 111)
Jan 13 16:36:26.006 INFO s:/n:/ic_btc_adapter/stream Failed to connect to [2001:b07:6442:279:516:33ee:fbf2:61a2]:48333 ::: Connecting to the stream timed out.
Jan 13 16:36:26.648 INFO s:/n:/ic_btc_adapter/blockchainmanager Added headers: Height = 60000, Active chain's tip = 000000009fa917488fa662d012d41dc6a1d3221244cc37ac78d83935d03009a3
Jan 13 16:36:26.648 INFO s:/n:/ic_btc_adapter/stream Failed to connect to [2401:b140:3:2:e5b3:6987:def6:96ca]:48333 ::: Connecting to the stream timed out.
Jan 13 16:36:26.671 DEBG s:/n:/ic_btc_adapter/stream No direct connectivity to bitcoin peer [2001:16b8:b1a2:a300:be24:11ff:fedc:387e]:48333 and no socks proxy available.
Jan 13 16:36:26.671 INFO s:/n:/ic_btc_adapter/stream Failed to connect to [2001:16b8:b1a2:a300:be24:11ff:fedc:387e]:48333 ::: Permission denied (os error 13)
Jan 13 16:36:27.665 INFO s:/n:/ic_btc_adapter/blockchainmanager Added headers: Height = 62000, Active chain's tip = 000000000000000dc98f0d491c1bc8bce438727689e2c1dfc9e67a21a0317c0c
Jan 13 16:36:27.670 INFO s:/n:/ic_btc_adapter/addressbook Added 170 address(es) from [2401:b140:4::92:202]:48333.
Jan 13 16:36:28.673 INFO s:/n:/ic_btc_adapter/blockchainmanager Added headers: Height = 64000, Active chain's tip = 000000000deb369dca3115f66e208733066f44c8cc177edd4b5f86869e6355b5
Jan 13 16:36:28.983 INFO s:/n:/ic_btc_adapter/blockchainmanager Added headers: Height = 64547, Active chain's tip = 00000000b3cd64785c02f50098571f9c2eaadf0733f4517eadc7fa28acda9186
Jan 13 16:36:30.905 INFO s:/n:/ic_btc_adapter/stream Failed to connect to [2601:646:8783:e190:5c68:1de0:1016:fb90]:48333 ::: Connecting to the stream timed out.
Jan 13 16:36:31.105 INFO s:/n:/ic_btc_adapter/stream Failed to connect to [2804:7f0:6482:b535:5c7a:a8c3:68f3:b79a]:48333 ::: Connecting to the stream timed out.
Jan 13 16:36:31.753 INFO s:/n:/ic_btc_adapter/addressbook Added 115 address(es) from [2a01:4f9:3100:18cb::2]:4444.
Jan 13 16:36:36.005 INFO s:/n:/ic_btc_adapter/stream Failed to connect to [2601:18f:1080:2360::ef11]:48333 ::: Connecting to the stream timed out.
Jan 13 16:36:41.104 INFO s:/n:/ic_btc_adapter/stream Failed to connect to [2001:861:53:6890:36f6:4bff:fec5:20bf]:48333 ::: Connecting to the stream timed out.
Jan 13 16:36:46.206 INFO s:/n:/ic_btc_adapter/stream Failed to connect to [2001:b07:6442:279:3561:9120:d74e:9705]:48333 ::: Connecting to the stream timed out.
Jan 13 16:36:51.306 INFO s:/n:/ic_btc_adapter/stream Failed to connect to [2a01:cb04:119a:f200:a86d:d350:19f1:4a5e]:48333 ::: Connecting to the stream timed out.
Jan 13 16:36:56.405 INFO s:/n:/ic_btc_adapter/stream Failed to connect to [2a02:a312:40f0:5300:fdcc:8e96:4f16:172d]:48333 ::: Connecting to the stream timed out.
Jan 13 16:37:01.505 INFO s:/n:/ic_btc_adapter/stream Failed to connect to [2a01:cb00:8f53:4900:254e:1b7:df37:fb40]:48333 ::: Connecting to the stream timed out.
Jan 13 16:37:06.604 INFO s:/n:/ic_btc_adapter/stream Failed to connect to [2a01:cb1d:8b65:1d00:485f:250d:14b:c010]:48333 ::: Connecting to the stream timed out.
Jan 13 16:37:11.705 INFO s:/n:/ic_btc_adapter/stream Failed to connect to [2001:16b8:b182:4500:be24:11ff:fedc:387e]:48333 ::: Connecting to the stream timed out.
Jan 13 16:37:12.753 INFO s:/n:/ic_btc_adapter/addressbook Added 108 address(es) from [2602:ffb6:4:8185:f816:3eff:fe8a:3155]:48333.
Jan 13 16:38:36.935 INFO Caught SIGINT
